\BOOKMARK [0][-]{chapter.1}{Uvod}{}% 1
\BOOKMARK [0][-]{chapter.2}{Genetsko programiranje}{}% 2
\BOOKMARK [1][-]{section.2.1}{Tijek algoritma}{chapter.2}% 3
\BOOKMARK [1][-]{section.2.2}{Stablasta jedinka}{chapter.2}% 4
\BOOKMARK [2][-]{subsection.2.2.1}{Stablo kao program}{section.2.2}% 5
\BOOKMARK [2][-]{subsection.2.2.2}{Stablo kao logicki izraz}{section.2.2}% 6
\BOOKMARK [2][-]{subsection.2.2.3}{Stablo kao aritmeticki izraz}{section.2.2}% 7
\BOOKMARK [1][-]{section.2.3}{Dobrota jedinke}{chapter.2}% 8
\BOOKMARK [1][-]{section.2.4}{Operatori selekcije}{chapter.2}% 9
\BOOKMARK [2][-]{subsection.2.4.1}{Generacijska selekcija}{section.2.4}% 10
\BOOKMARK [2][-]{subsection.2.4.2}{Eliminacijska selekcija}{section.2.4}% 11
\BOOKMARK [1][-]{section.2.5}{Operatori kri\236anja}{chapter.2}% 12
\BOOKMARK [1][-]{section.2.6}{Operatori mutacije}{chapter.2}% 13
\BOOKMARK [0][-]{chapter.3}{Operatori kri\236anja}{}% 14
\BOOKMARK [1][-]{section.3.1}{Jednostavno kri\236anje}{chapter.3}% 15
\BOOKMARK [1][-]{section.3.2}{Kri\236anje s jednom tockom prekida}{chapter.3}% 16
\BOOKMARK [2][-]{subsection.3.2.1}{Dosada\235nji rezultati}{section.3.2}% 17
\BOOKMARK [1][-]{section.3.3}{Kri\236anje s ocuvanjem konteksta}{chapter.3}% 18
\BOOKMARK [2][-]{subsection.3.3.1}{Kri\236anje s jakim ocuvanjem konteksta}{section.3.3}% 19
\BOOKMARK [2][-]{subsection.3.3.2}{Kri\236anje sa slabim ocuvanjem konteksta}{section.3.3}% 20
\BOOKMARK [2][-]{subsection.3.3.3}{Dosada\235nji rezultati}{section.3.3}% 21
\BOOKMARK [1][-]{section.3.4}{Kri\236anje pravedno s obzirom na velicinu}{chapter.3}% 22
\BOOKMARK [2][-]{subsection.3.4.1}{Dosada\235nji rezultati}{section.3.4}% 23
\BOOKMARK [1][-]{section.3.5}{Uniformno kri\236anje}{chapter.3}% 24
\BOOKMARK [2][-]{subsection.3.5.1}{Dosada\235nji rezultati}{section.3.5}% 25
\BOOKMARK [1][-]{section.3.6}{Homologno kri\236anje}{chapter.3}% 26
\BOOKMARK [2][-]{subsection.3.6.1}{Dosada\235nji rezultati}{section.3.6}% 27
\BOOKMARK [1][-]{section.3.7}{Deterministicko kri\236anje}{chapter.3}% 28
\BOOKMARK [2][-]{subsection.3.7.1}{Dosada\235nji rezultati}{section.3.7}% 29
\BOOKMARK [1][-]{section.3.8}{Probabilisticko kri\236anje}{chapter.3}% 30
\BOOKMARK [2][-]{subsection.3.8.1}{Dosada\235nji rezultati}{section.3.8}% 31
\BOOKMARK [1][-]{section.3.9}{Semanticko kri\236anje}{chapter.3}% 32
\BOOKMARK [2][-]{subsection.3.9.1}{Dosada\235nji rezultati}{section.3.9}% 33
\BOOKMARK [1][-]{section.3.10}{Tablica primjenjivosti operatora na razlicite vrste problema}{chapter.3}% 34
\BOOKMARK [0][-]{chapter.4}{Ispitivanja}{}% 35
\BOOKMARK [1][-]{section.4.1}{ECF}{chapter.4}% 36
\BOOKMARK [1][-]{section.4.2}{Problemi za ispitivanje}{chapter.4}% 37
\BOOKMARK [2][-]{subsection.4.2.1}{Logicke funkcije}{section.4.2}% 38
\BOOKMARK [2][-]{subsection.4.2.2}{Simbolicka regresija}{section.4.2}% 39
\BOOKMARK [2][-]{subsection.4.2.3}{Programi}{section.4.2}% 40
\BOOKMARK [1][-]{section.4.3}{Rezultati}{chapter.4}% 41
\BOOKMARK [2][-]{subsection.4.3.1}{Usporedba ucinkovitosti pojedinacnih operatora kri\236anja}{section.4.3}% 42
\BOOKMARK [2][-]{subsection.4.3.2}{Usporedba ucinkovitosti kombinacije operatora kri\236anja}{section.4.3}% 43
\BOOKMARK [0][-]{chapter.5}{Zakljucak}{}% 44
\BOOKMARK [0][-]{chapter.6}{Literatura}{}% 45
\BOOKMARK [0][-]{chapter.7}{Sa\236etak}{}% 46
\BOOKMARK [0][-]{chapter.8}{Abstract}{}% 47
